<?xml version="1.0" encoding="UTF-8"?>
<!-- Generated by org.testng.reporters.JUnitReportReporter -->
<testsuite hostname="SachinSathe" failures="0" tests="3" name="demo.prioritiesInTestNG" time="0.007" errors="0" timestamp="2023-08-07T08:54:39 IST" skipped="0">
  <testcase classname="demo.prioritiesInTestNG" name="method2" time="0.005"/>
  <testcase classname="demo.prioritiesInTestNG" name="method1" time="0.001"/>
  <testcase classname="demo.prioritiesInTestNG" name="method3" time="0.001"/>
</testsuite> <!-- demo.prioritiesInTestNG -->
