<?xml version="1.0" encoding="UTF-8"?>
<!-- Generated by org.testng.reporters.JUnitReportReporter -->
<testsuite hostname="SachinSathe" failures="0" tests="2" name="TestngBasics.test1" time="0.004" errors="0" timestamp="2023-08-07T08:54:39 IST" skipped="0">
  <testcase classname="TestngBasics.test1" name="method5" time="0.002"/>
  <testcase classname="TestngBasics.test1" name="method8" time="0.002"/>
</testsuite> <!-- TestngBasics.test1 -->
