<?xml version="1.0" encoding="UTF-8"?>
<!-- Generated by org.testng.reporters.JUnitReportReporter -->
<testsuite hostname="SachinSathe" failures="0" tests="4" name="demo.dataProvidersInTestNG" time="0.008" errors="0" timestamp="2023-08-09T08:43:26 IST" skipped="0">
  <testcase classname="demo.dataProvidersInTestNG" name="method1" time="0.004"/>
  <testcase classname="demo.dataProvidersInTestNG" name="method2" time="0.002"/>
  <testcase classname="demo.dataProvidersInTestNG" name="method1" time="0.001"/>
  <testcase classname="demo.dataProvidersInTestNG" name="method2" time="0.001"/>
</testsuite> <!-- demo.dataProvidersInTestNG -->
