<?xml version="1.0" encoding="UTF-8"?>
<!-- Generated by org.testng.reporters.JUnitReportReporter -->
<testsuite hostname="SachinSathe" failures="0" tests="3" name="demo.parameteraizationInTestNG" time="0.008" errors="0" timestamp="2023-08-08T08:45:55 IST" skipped="0">
  <testcase classname="demo.parameteraizationInTestNG" name="method3" time="0.001"/>
  <testcase classname="demo.parameteraizationInTestNG" name="method1" time="0.006"/>
  <testcase classname="demo.parameteraizationInTestNG" name="method2" time="0.001"/>
</testsuite> <!-- demo.parameteraizationInTestNG -->
