<?xml version="1.0" encoding="UTF-8"?>
<!-- Generated by org.testng.reporters.JUnitReportReporter -->
<testsuite hostname="SachinSathe" failures="0" tests="3" name="demo.groupsInTestNG" time="0.011" errors="0" timestamp="2023-08-08T08:27:11 IST" skipped="0">
  <testcase classname="demo.groupsInTestNG" name="method3" time="0.000"/>
  <testcase classname="demo.groupsInTestNG" name="method1" time="0.009"/>
  <testcase classname="demo.groupsInTestNG" name="method2" time="0.002"/>
</testsuite> <!-- demo.groupsInTestNG -->
