<?xml version="1.0" encoding="UTF-8"?>
<!-- Generated by org.testng.reporters.JUnitReportReporter -->
<testsuite hostname="SachinSathe" failures="0" tests="2" name="demo.test2" time="0.003" errors="0" timestamp="2023-08-08T08:45:55 IST" skipped="0">
  <testcase classname="demo.test2" name="method2" time="0.001"/>
  <testcase classname="demo.test2" name="method1" time="0.002"/>
</testsuite> <!-- demo.test2 -->
