<?xml version="1.0" encoding="UTF-8"?>
<!-- Generated by org.testng.reporters.JUnitReportReporter -->
<testsuite hostname="SachinSathe" failures="0" tests="1" name="demo.assertionINTestNG" time="0.008" errors="0" timestamp="2023-08-09T08:47:57 IST" skipped="0">
  <testcase classname="demo.assertionINTestNG" name="method1" time="0.008"/>
</testsuite> <!-- demo.assertionINTestNG -->
